<!DOCTYPE html PUBLIC "-//W3C//DTD XHTML 1.1//EN" "http://www.w3.org/TR/xhtml11/DTD/xhtml11.dtd">
<html xmlns="http://www.w3.org/1999/xhtml"><head><title>TestNG Report</title><style type="text/css">table {margin-bottom:10px;border-collapse:collapse;empty-cells:show}th,td {border:1px solid #009;padding:.25em .5em}th {vertical-align:bottom}td {vertical-align:top}table a {font-weight:bold}.stripe td {background-color: #E6EBF9}.num {text-align:right}.passedodd td {background-color: #3F3}.passedeven td {background-color: #0A0}.skippedodd td {background-color: #DDD}.skippedeven td {background-color: #CCC}.failedodd td,.attn {background-color: #F33}.failedeven td,.stripe .attn {background-color: #D00}.stacktrace {white-space:pre;font-family:monospace}.totop {font-size:85%;text-align:center;border-bottom:2px solid #000}</style></head><body><table><tr><th>Test</th><th># Passed</th><th># Skipped</th><th># Failed</th><th>Time (ms)</th><th>Included Groups</th><th>Excluded Groups</th></tr><tr><th colspan="7">Class1Suite</th></tr><tr><td><a href="#t0">Test</a></td><td class="num">3</td><td class="num">0</td><td class="num attn">3</td><td class="num">172,480</td><td></td><td></td></tr></table><table id='summary'><thead><tr><th>Class</th><th>Method</th><th>Start</th><th>Time (ms)</th></tr></thead><tbody><tr><th colspan="4">Class1Suite</th></tr></tbody><tbody id="t0"><tr><th colspan="4">Test &#8212; failed</th></tr><tr class="failedeven"><td rowspan="1">com.tikkle.scripts.VerifyingBasicInfo</td><td><a href="#m0">verifyBasicInfoScreen1</a></td><td rowspan="1">1508136305277</td><td rowspan="1">9169</td></tr><tr class="failedodd"><td rowspan="1">com.tikkle.scripts.VerifyingChatModule</td><td><a href="#m1">NewChat</a></td><td rowspan="1">1508136347267</td><td rowspan="1">40232</td></tr><tr class="failedeven"><td rowspan="1">com.tikkle.scripts.VerifyingOnBoardScreens</td><td><a href="#m2">VerifyOnboardScreen</a></td><td rowspan="1">1508136256261</td><td rowspan="1">1749</td></tr><tr><th colspan="4">Test &#8212; passed</th></tr><tr class="passedeven"><td rowspan="1">com.tikkle.scripts.VerifyLogin</td><td><a href="#m3">VerifyLoginScreen</a></td><td rowspan="1">1508136270246</td><td rowspan="1">22390</td></tr><tr class="passedodd"><td rowspan="1">com.tikkle.scripts.VerifyingChatModule</td><td><a href="#m4">TestChatModule</a></td><td rowspan="1">1508136326963</td><td rowspan="1">8264</td></tr><tr class="passedeven"><td rowspan="1">com.tikkle.scripts.VerifyingLogout</td><td><a href="#m5">VerifySucessfullLogout</a></td><td rowspan="1">1508136399908</td><td rowspan="1">14783</td></tr></tbody></table><h2>Test</h2><h3 id="m0">com.tikkle.scripts.VerifyingBasicInfo#verifyBasicInfoScreen1</h3><table class="result"><tr><th>Messages</th></tr><tr><td><div class="messages">STEP8<br/>STEP9<br/>STEP10<br/>STEP11</div></td></tr><tr><th>Exception</th></tr><tr><td><div class="stacktrace">java.lang.AssertionError: The following asserts failed:
	expected [Basic In] but found [Basic Info]
	at com.tikkle.Library.GenericLib.VerifyUsingSoftAssert(GenericLib.java:121)
	at com.tikkle.scripts.VerifyingBasicInfo.verifyBasicInfoScreen1(VerifyingBasicInfo.java:30)
... Removed 26 stack frames</div></td></tr></table><p class="totop"><a href="#summary">back to summary</a></p><h3 id="m1">com.tikkle.scripts.VerifyingChatModule#NewChat</h3><table class="result"><tr><th>Messages</th></tr><tr><td><div class="messages">STEP16<br/>STEP17<br/>STEP18<br/>STEP19</div></td></tr><tr><th>Exception</th></tr><tr><td><div class="stacktrace">org.openqa.selenium.NoSuchElementException: An element could not be located on the page using the given search parameters. (WARNING: The server did not provide any stacktrace information)
Command duration or timeout: 30.50 seconds
For documentation on this error, please visit: http://seleniumhq.org/exceptions/no_such_element.html
Build info: version: &apos;2.53.1&apos;, revision: &apos;a36b8b1cd5757287168e54b817830adce9b0158d&apos;, time: &apos;2016-06-30 19:26:09&apos;
System info: host: &apos;TYSS-MF-059&apos;, ip: &apos;10.10.11.180&apos;, os.name: &apos;Windows 10&apos;, os.arch: &apos;amd64&apos;, os.version: &apos;10.0&apos;, java.version: &apos;1.8.0_111&apos;
Driver info: io.appium.java_client.android.AndroidDriver
Capabilities [{appPackage=com.tikkle.myaccount.qa, networkConnectionEnabled=true, warnings={}, databaseEnabled=false, deviceName=420015db4fbb235b, platform=LINUX, appActivity=com.tickle.myaccount.activities.SplashActivity, desired={appPackage=com.tikkle.myaccount.qa, appActivity=com.tickle.myaccount.activities.SplashActivity, platformVersion=6.1, automationName=Appium, platformName=Android, deviceName=420015db4fbb235b}, platformVersion=6.0.1, webStorageEnabled=false, locationContextEnabled=false, automationName=Appium, browserName=Android, takesScreenshot=true, javascriptEnabled=true, platformName=Android}]
Session ID: 8705f984-1989-4db4-85c9-cd8c3b31319c
*** Element info: {Using=id, value=com.tikkle.myaccount.qa:id/ib_search_button}
	at org.openqa.selenium.remote.ErrorHandler.createThrowable(ErrorHandler.java:206)
	at org.openqa.selenium.remote.ErrorHandler.throwIfResponseFailed(ErrorHandler.java:158)
	at org.openqa.selenium.remote.RemoteWebDriver.execute(RemoteWebDriver.java:678)
	at io.appium.java_client.DefaultGenericMobileDriver.execute(DefaultGenericMobileDriver.java:40)
	at io.appium.java_client.AppiumDriver.execute(AppiumDriver.java:1)
	at io.appium.java_client.android.AndroidDriver.execute(AndroidDriver.java:1)
	at org.openqa.selenium.remote.RemoteWebDriver.findElement(RemoteWebDriver.java:363)
	at io.appium.java_client.DefaultGenericMobileDriver.findElement(DefaultGenericMobileDriver.java:56)
	at io.appium.java_client.AppiumDriver.findElement(AppiumDriver.java:1)
	at io.appium.java_client.android.AndroidDriver.findElement(AndroidDriver.java:1)
	at org.openqa.selenium.remote.RemoteWebDriver.findElementById(RemoteWebDriver.java:413)
	at io.appium.java_client.DefaultGenericMobileDriver.findElementById(DefaultGenericMobileDriver.java:64)
	at io.appium.java_client.AppiumDriver.findElementById(AppiumDriver.java:1)
	at io.appium.java_client.android.AndroidDriver.findElementById(AndroidDriver.java:1)
	at org.openqa.selenium.By$ById.findElement(By.java:218)
	at org.openqa.selenium.remote.RemoteWebDriver.findElement(RemoteWebDriver.java:355)
	at io.appium.java_client.DefaultGenericMobileDriver.findElement(DefaultGenericMobileDriver.java:52)
	at io.appium.java_client.AppiumDriver.findElement(AppiumDriver.java:1)
	at io.appium.java_client.android.AndroidDriver.findElement(AndroidDriver.java:1)
	at org.openqa.selenium.support.pagefactory.DefaultElementLocator.findElement(DefaultElementLocator.java:69)
	at org.openqa.selenium.support.pagefactory.internal.LocatingElementHandler.invoke(LocatingElementHandler.java:38)
	at com.sun.proxy.$Proxy8.click(Unknown Source)
	at com.tikkle.scripts.VerifyingChatModule.NewChat(VerifyingChatModule.java:41)
... Removed 29 stack frames</div></td></tr></table><p class="totop"><a href="#summary">back to summary</a></p><h3 id="m2">com.tikkle.scripts.VerifyingOnBoardScreens#VerifyOnboardScreen</h3><table class="result"><tr><th>Messages</th></tr><tr><td><div class="messages">STEP2</div></td></tr><tr><th>Exception</th></tr><tr><td><div class="stacktrace">java.lang.AssertionError: expected [Stay Updated! The news feed style.
Start discussions.
Then and There.] but found [Stay updated, the news 
 feed style. Start discussions,
 then and there!]
	at com.tikkle.scripts.VerifyingOnBoardScreens.VerifyOnboardScreen(VerifyingOnBoardScreens.java:33)
... Removed 31 stack frames</div></td></tr></table><p class="totop"><a href="#summary">back to summary</a></p><h3 id="m3">com.tikkle.scripts.VerifyLogin#VerifyLoginScreen</h3><table class="result"><tr><th>Messages</th></tr><tr><td><div class="messages">STEP4<br/>STEP5<br/>STEP6</div></td></tr></table><p class="totop"><a href="#summary">back to summary</a></p><h3 id="m4">com.tikkle.scripts.VerifyingChatModule#TestChatModule</h3><table class="result"><tr><th>Messages</th></tr><tr><td><div class="messages">STEP13<br/>STEP14</div></td></tr></table><p class="totop"><a href="#summary">back to summary</a></p><h3 id="m5">com.tikkle.scripts.VerifyingLogout#VerifySucessfullLogout</h3><table class="result"><tr><th>Messages</th></tr><tr><td><div class="messages">STEP21<br/>STEP22<br/>STEP23</div></td></tr></table><p class="totop"><a href="#summary">back to summary</a></p></body></html>