<?xml version="1.0" encoding="UTF-8"?>
<!-- Generated by org.testng.reporters.JUnitXMLReporter -->
<testsuite hostname="TYSS-MF-059" ignored="4" name="Test" tests="6" failures="3" timestamp="16 Oct 2017 06:46:56 GMT" time="172.48" errors="0">
  <testcase name="VerifyOnboardScreen" time="1.749" classname="com.tikkle.scripts.VerifyingOnBoardScreens">
    <failure type="java.lang.AssertionError" message="expected [Stay Updated! The news feed style.
Start discussions.
Then and There.] but found [Stay updated, the news 
 feed style. Start discussions,
 then and there!]">
      <![CDATA[java.lang.AssertionError: expected [Stay Updated! The news feed style.
Start discussions.
Then and There.] but found [Stay updated, the news 
 feed style. Start discussions,
 then and there!]
	at com.tikkle.scripts.VerifyingOnBoardScreens.VerifyOnboardScreen(VerifyingOnBoardScreens.java:33)
... Removed 31 stack frames]]>
    </failure>
  </testcase> <!-- VerifyOnboardScreen -->
  <testcase name="VerifyLoginScreen" time="22.39" classname="com.tikkle.scripts.VerifyLogin"/>
  <testcase name="verifyBasicInfoScreen1" time="9.169" classname="com.tikkle.scripts.VerifyingBasicInfo">
    <failure type="java.lang.AssertionError" message="The following asserts failed:
	expected [Basic In] but found [Basic Info]">
      <![CDATA[java.lang.AssertionError: The following asserts failed:
	expected [Basic In] but found [Basic Info]
	at com.tikkle.Library.GenericLib.VerifyUsingSoftAssert(GenericLib.java:121)
	at com.tikkle.scripts.VerifyingBasicInfo.verifyBasicInfoScreen1(VerifyingBasicInfo.java:30)
... Removed 26 stack frames]]>
    </failure>
  </testcase> <!-- verifyBasicInfoScreen1 -->
  <testcase name="TestChatModule" time="8.264" classname="com.tikkle.scripts.VerifyingChatModule"/>
  <testcase name="NewChat" time="40.232" classname="com.tikkle.scripts.VerifyingChatModule">
    <failure type="org.openqa.selenium.NoSuchElementException" message="An element could not be located on the page using the given search parameters. (WARNING: The server did not provide any stacktrace information)
Command duration or timeout: 30.50 seconds
For documentation on this error, please visit: http://seleniumhq.org/exceptions/no_such_element.html
Build info: version: &amp;apos;2.53.1&amp;apos;, revision: &amp;apos;a36b8b1cd5757287168e54b817830adce9b0158d&amp;apos;, time: &amp;apos;2016-06-30 19:26:09&amp;apos;
System info: host: &amp;apos;TYSS-MF-059&amp;apos;, ip: &amp;apos;10.10.11.180&amp;apos;, os.name: &amp;apos;Windows 10&amp;apos;, os.arch: &amp;apos;amd64&amp;apos;, os.version: &amp;apos;10.0&amp;apos;, java.version: &amp;apos;1.8.0_111&amp;apos;
Driver info: io.appium.java_client.android.AndroidDriver
Capabilities [{appPackage=com.tikkle.myaccount.qa, networkConnectionEnabled=true, warnings={}, databaseEnabled=false, deviceName=420015db4fbb235b, platform=LINUX, appActivity=com.tickle.myaccount.activities.SplashActivity, desired={appPackage=com.tikkle.myaccount.qa, appActivity=com.tickle.myaccount.activities.SplashActivity, platformVersion=6.1, automationName=Appium, platformName=Android, deviceName=420015db4fbb235b}, platformVersion=6.0.1, webStorageEnabled=false, locationContextEnabled=false, automationName=Appium, browserName=Android, takesScreenshot=true, javascriptEnabled=true, platformName=Android}]
Session ID: 8705f984-1989-4db4-85c9-cd8c3b31319c
*** Element info: {Using=id, value=com.tikkle.myaccount.qa:id/ib_search_button}">
      <![CDATA[org.openqa.selenium.NoSuchElementException: An element could not be located on the page using the given search parameters. (WARNING: The server did not provide any stacktrace information)
Command duration or timeout: 30.50 seconds
For documentation on this error, please visit: http://seleniumhq.org/exceptions/no_such_element.html
Build info: version: '2.53.1', revision: 'a36b8b1cd5757287168e54b817830adce9b0158d', time: '2016-06-30 19:26:09'
System info: host: 'TYSS-MF-059', ip: '10.10.11.180', os.name: 'Windows 10', os.arch: 'amd64', os.version: '10.0', java.version: '1.8.0_111'
Driver info: io.appium.java_client.android.AndroidDriver
Capabilities [{appPackage=com.tikkle.myaccount.qa, networkConnectionEnabled=true, warnings={}, databaseEnabled=false, deviceName=420015db4fbb235b, platform=LINUX, appActivity=com.tickle.myaccount.activities.SplashActivity, desired={appPackage=com.tikkle.myaccount.qa, appActivity=com.tickle.myaccount.activities.SplashActivity, platformVersion=6.1, automationName=Appium, platformName=Android, deviceName=420015db4fbb235b}, platformVersion=6.0.1, webStorageEnabled=false, locationContextEnabled=false, automationName=Appium, browserName=Android, takesScreenshot=true, javascriptEnabled=true, platformName=Android}]
Session ID: 8705f984-1989-4db4-85c9-cd8c3b31319c
*** Element info: {Using=id, value=com.tikkle.myaccount.qa:id/ib_search_button}
	at org.openqa.selenium.remote.ErrorHandler.createThrowable(ErrorHandler.java:206)
	at org.openqa.selenium.remote.ErrorHandler.throwIfResponseFailed(ErrorHandler.java:158)
	at org.openqa.selenium.remote.RemoteWebDriver.execute(RemoteWebDriver.java:678)
	at io.appium.java_client.DefaultGenericMobileDriver.execute(DefaultGenericMobileDriver.java:40)
	at io.appium.java_client.AppiumDriver.execute(AppiumDriver.java:1)
	at io.appium.java_client.android.AndroidDriver.execute(AndroidDriver.java:1)
	at org.openqa.selenium.remote.RemoteWebDriver.findElement(RemoteWebDriver.java:363)
	at io.appium.java_client.DefaultGenericMobileDriver.findElement(DefaultGenericMobileDriver.java:56)
	at io.appium.java_client.AppiumDriver.findElement(AppiumDriver.java:1)
	at io.appium.java_client.android.AndroidDriver.findElement(AndroidDriver.java:1)
	at org.openqa.selenium.remote.RemoteWebDriver.findElementById(RemoteWebDriver.java:413)
	at io.appium.java_client.DefaultGenericMobileDriver.findElementById(DefaultGenericMobileDriver.java:64)
	at io.appium.java_client.AppiumDriver.findElementById(AppiumDriver.java:1)
	at io.appium.java_client.android.AndroidDriver.findElementById(AndroidDriver.java:1)
	at org.openqa.selenium.By$ById.findElement(By.java:218)
	at org.openqa.selenium.remote.RemoteWebDriver.findElement(RemoteWebDriver.java:355)
	at io.appium.java_client.DefaultGenericMobileDriver.findElement(DefaultGenericMobileDriver.java:52)
	at io.appium.java_client.AppiumDriver.findElement(AppiumDriver.java:1)
	at io.appium.java_client.android.AndroidDriver.findElement(AndroidDriver.java:1)
	at org.openqa.selenium.support.pagefactory.DefaultElementLocator.findElement(DefaultElementLocator.java:69)
	at org.openqa.selenium.support.pagefactory.internal.LocatingElementHandler.invoke(LocatingElementHandler.java:38)
	at com.sun.proxy.$Proxy8.click(Unknown Source)
	at com.tikkle.scripts.VerifyingChatModule.NewChat(VerifyingChatModule.java:41)
... Removed 29 stack frames]]>
    </failure>
  </testcase> <!-- NewChat -->
  <testcase name="VerifySucessfullLogout" time="14.783" classname="com.tikkle.scripts.VerifyingLogout"/>
  <testcase name="@BeforeSuite runAppiumServer" time="0.0" classname="com.tikkle.Library.BaseLib">
    <ignored/>
  </testcase> <!-- @BeforeSuite runAppiumServer -->
  <testcase name="@BeforeSuite runAppiumServer" time="0.0" classname="com.tikkle.Library.BaseLib">
    <ignored/>
  </testcase> <!-- @BeforeSuite runAppiumServer -->
  <testcase name="@BeforeSuite runAppiumServer" time="0.0" classname="com.tikkle.Library.BaseLib">
    <ignored/>
  </testcase> <!-- @BeforeSuite runAppiumServer -->
  <testcase name="@BeforeSuite runAppiumServer" time="0.0" classname="com.tikkle.Library.BaseLib">
    <ignored/>
  </testcase> <!-- @BeforeSuite runAppiumServer -->
</testsuite> <!-- Test -->
