<html>
<head>
<title>TestNG:  Test</title>
<link href="../testng.css" rel="stylesheet" type="text/css" />
<link href="../my-testng.css" rel="stylesheet" type="text/css" />

<style type="text/css">
.log { display: none;} 
.stack-trace { display: none;} 
</style>
<script type="text/javascript">
<!--
function flip(e) {
  current = e.style.display;
  if (current == 'block') {
    e.style.display = 'none';
    return 0;
  }
  else {
    e.style.display = 'block';
    return 1;
  }
}

function toggleBox(szDivId, elem, msg1, msg2)
{
  var res = -1;  if (document.getElementById) {
    res = flip(document.getElementById(szDivId));
  }
  else if (document.all) {
    // this is the way old msie versions work
    res = flip(document.all[szDivId]);
  }
  if(elem) {
    if(res == 0) elem.innerHTML = msg1; else elem.innerHTML = msg2;
  }

}

function toggleAllBoxes() {
  if (document.getElementsByTagName) {
    d = document.getElementsByTagName('div');
    for (i = 0; i < d.length; i++) {
      if (d[i].className == 'log') {
        flip(d[i]);
      }
    }
  }
}

// -->
</script>

</head>
<body>
<h2 align='center'>Test</h2><table border='1' align="center">
<tr>
<td>Tests passed/Failed/Skipped:</td><td>3/3/0</td>
</tr><tr>
<td>Started on:</td><td>Mon Oct 16 12:14:04 IST 2017</td>
</tr>
<tr><td>Total time:</td><td>172 seconds (172480 ms)</td>
</tr><tr>
<td>Included groups:</td><td></td>
</tr><tr>
<td>Excluded groups:</td><td></td>
</tr>
</table><p/>
<small><i>(Hover the method name to see the test class name)</i></small><p/>
<table width='100%' border='1' class='invocation-failed'>
<tr><td colspan='4' align='center'><b>FAILED TESTS</b></td></tr>
<tr><td><b>Test method</b></td>
<td width="30%"><b>Exception</b></td>
<td width="10%"><b>Time (seconds)</b></td>
<td><b>Instance</b></td>
</tr>
<tr>
<td title='com.tikkle.scripts.VerifyingChatModule.NewChat()'><b>NewChat</b><br>Test class: com.tikkle.scripts.VerifyingChatModule<br>Test method: Verifying User can send a text message to Other User<br/>
<a href="#Output-1095088856" onClick='toggleBox("Output-1095088856", this, "Show output", "Hide output");'>Show output</a>

<a href="#Output-1095088856" onClick="toggleAllBoxes();">Show all outputs</a>
<div class='log' id="Output-1095088856">
STEP16<br/>
STEP17<br/>
STEP18<br/>
STEP19<br/>
</div>
</td>
<td><div><pre>org.openqa.selenium.NoSuchElementException: An element could not be located on the page using the given search parameters. (WARNING: The server did not provide any stacktrace information)
Command duration or timeout: 30.50 seconds
For documentation on this error, please visit: http://seleniumhq.org/exceptions/no_such_element.html
Build info: version: &apos;2.53.1&apos;, revision: &apos;a36b8b1cd5757287168e54b817830adce9b0158d&apos;, time: &apos;2016-06-30 19:26:09&apos;
System info: host: &apos;TYSS-MF-059&apos;, ip: &apos;10.10.11.180&apos;, os.name: &apos;Windows 10&apos;, os.arch: &apos;amd64&apos;, os.version: &apos;10.0&apos;, java.version: &apos;1.8.0_111&apos;
Driver info: io.appium.java_client.android.AndroidDriver
Capabilities [{appPackage=com.tikkle.myaccount.qa, networkConnectionEnabled=true, warnings={}, databaseEnabled=false, deviceName=420015db4fbb235b, platform=LINUX, appActivity=com.tickle.myaccount.activities.SplashActivity, desired={appPackage=com.tikkle.myaccount.qa, appActivity=com.tickle.myaccount.activities.SplashActivity, platformVersion=6.1, automationName=Appium, platformName=Android, deviceName=420015db4fbb235b}, platformVersion=6.0.1, webStorageEnabled=false, locationContextEnabled=false, automationName=Appium, browserName=Android, takesScreenshot=true, javascriptEnabled=true, platformName=Android}]
Session ID: 8705f984-1989-4db4-85c9-cd8c3b31319c
*** Element info: {Using=id, value=com.tikkle.myaccount.qa:id/ib_search_button}
	at org.openqa.selenium.remote.ErrorHandler.createThrowable(ErrorHandler.java:206)
	at org.openqa.selenium.remote.ErrorHandler.throwIfResponseFailed(ErrorHandler.java:158)
	at org.openqa.selenium.remote.RemoteWebDriver.execute(RemoteWebDriver.java:678)
	at io.appium.java_client.DefaultGenericMobileDriver.execute(DefaultGenericMobileDriver.java:40)
	at io.appium.java_client.AppiumDriver.execute(AppiumDriver.java:1)
	at io.appium.java_client.android.AndroidDriver.execute(AndroidDriver.java:1)
	at org.openqa.selenium.remote.RemoteWebDriver.findElement(RemoteWebDriver.java:363)
	at io.appium.java_client.DefaultGenericMobileDriver.findElement(DefaultGenericMobileDriver.java:56)
	at io.appium.java_client.AppiumDriver.findElement(AppiumDriver.java:1)
	at io.appium.java_client.android.AndroidDriver.findElement(AndroidDriver.java:1)
	at org.openqa.selenium.remote.RemoteWebDriver.findElementById(RemoteWebDriver.java:413)
	at io.appium.java_client.DefaultGenericMobileDriver.findElementById(DefaultGenericMobileDriver.java:64)
	at io.appium.java_client.AppiumDriver.findElementById(AppiumDriver.java:1)
	at io.appium.java_client.android.AndroidDriver.findElementById(AndroidDriver.java:1)
	at org.openqa.selenium.By$ById.findElement(By.java:218)
	at org.openqa.selenium.remote.RemoteWebDriver.findElement(RemoteWebDriver.java:355)
	at io.appium.java_client.DefaultGenericMobileDriver.findElement(DefaultGenericMobileDriver.java:52)
	at io.appium.java_client.AppiumDriver.findElement(AppiumDriver.java:1)
	at io.appium.java_client.android.AndroidDriver.findElement(AndroidDriver.java:1)
	at org.openqa.selenium.support.pagefactory.DefaultElementLocator.findElement(DefaultElementLocator.java:69)
	at org.openqa.selenium.support.pagefactory.internal.LocatingElementHandler.invoke(LocatingElementHandler.java:38)
	at com.sun.proxy.$Proxy8.click(Unknown Source)
	at com.tikkle.scripts.VerifyingChatModule.NewChat(VerifyingChatModule.java:41)
... Removed 29 stack frames</pre></div><a href='#' onClick='toggleBox("stack-trace1095088856", this, "Click to show all stack frames", "Click to hide stack frames")'>Click to show all stack frames</a>
<div class='stack-trace' id='stack-trace1095088856'><pre>org.openqa.selenium.NoSuchElementException: An element could not be located on the page using the given search parameters. (WARNING: The server did not provide any stacktrace information)
Command duration or timeout: 30.50 seconds
For documentation on this error, please visit: http://seleniumhq.org/exceptions/no_such_element.html
Build info: version: &apos;2.53.1&apos;, revision: &apos;a36b8b1cd5757287168e54b817830adce9b0158d&apos;, time: &apos;2016-06-30 19:26:09&apos;
System info: host: &apos;TYSS-MF-059&apos;, ip: &apos;10.10.11.180&apos;, os.name: &apos;Windows 10&apos;, os.arch: &apos;amd64&apos;, os.version: &apos;10.0&apos;, java.version: &apos;1.8.0_111&apos;
Driver info: io.appium.java_client.android.AndroidDriver
Capabilities [{appPackage=com.tikkle.myaccount.qa, networkConnectionEnabled=true, warnings={}, databaseEnabled=false, deviceName=420015db4fbb235b, platform=LINUX, appActivity=com.tickle.myaccount.activities.SplashActivity, desired={appPackage=com.tikkle.myaccount.qa, appActivity=com.tickle.myaccount.activities.SplashActivity, platformVersion=6.1, automationName=Appium, platformName=Android, deviceName=420015db4fbb235b}, platformVersion=6.0.1, webStorageEnabled=false, locationContextEnabled=false, automationName=Appium, browserName=Android, takesScreenshot=true, javascriptEnabled=true, platformName=Android}]
Session ID: 8705f984-1989-4db4-85c9-cd8c3b31319c
*** Element info: {Using=id, value=com.tikkle.myaccount.qa:id/ib_search_button}
	at sun.reflect.NativeConstructorAccessorImpl.newInstance0(Native Method)
	at sun.reflect.NativeConstructorAccessorImpl.newInstance(NativeConstructorAccessorImpl.java:62)
	at sun.reflect.DelegatingConstructorAccessorImpl.newInstance(DelegatingConstructorAccessorImpl.java:45)
	at java.lang.reflect.Constructor.newInstance(Constructor.java:423)
	at org.openqa.selenium.remote.ErrorHandler.createThrowable(ErrorHandler.java:206)
	at org.openqa.selenium.remote.ErrorHandler.throwIfResponseFailed(ErrorHandler.java:158)
	at org.openqa.selenium.remote.RemoteWebDriver.execute(RemoteWebDriver.java:678)
	at io.appium.java_client.DefaultGenericMobileDriver.execute(DefaultGenericMobileDriver.java:40)
	at io.appium.java_client.AppiumDriver.execute(AppiumDriver.java:1)
	at io.appium.java_client.android.AndroidDriver.execute(AndroidDriver.java:1)
	at org.openqa.selenium.remote.RemoteWebDriver.findElement(RemoteWebDriver.java:363)
	at io.appium.java_client.DefaultGenericMobileDriver.findElement(DefaultGenericMobileDriver.java:56)
	at io.appium.java_client.AppiumDriver.findElement(AppiumDriver.java:1)
	at io.appium.java_client.android.AndroidDriver.findElement(AndroidDriver.java:1)
	at org.openqa.selenium.remote.RemoteWebDriver.findElementById(RemoteWebDriver.java:413)
	at io.appium.java_client.DefaultGenericMobileDriver.findElementById(DefaultGenericMobileDriver.java:64)
	at io.appium.java_client.AppiumDriver.findElementById(AppiumDriver.java:1)
	at io.appium.java_client.android.AndroidDriver.findElementById(AndroidDriver.java:1)
	at org.openqa.selenium.By$ById.findElement(By.java:218)
	at org.openqa.selenium.remote.RemoteWebDriver.findElement(RemoteWebDriver.java:355)
	at io.appium.java_client.DefaultGenericMobileDriver.findElement(DefaultGenericMobileDriver.java:52)
	at io.appium.java_client.AppiumDriver.findElement(AppiumDriver.java:1)
	at io.appium.java_client.android.AndroidDriver.findElement(AndroidDriver.java:1)
	at org.openqa.selenium.support.pagefactory.DefaultElementLocator.findElement(DefaultElementLocator.java:69)
	at org.openqa.selenium.support.pagefactory.internal.LocatingElementHandler.invoke(LocatingElementHandler.java:38)
	at com.sun.proxy.$Proxy8.click(Unknown Source)
	at com.tikkle.scripts.VerifyingChatModule.NewChat(VerifyingChatModule.java:41)
	at sun.reflect.NativeMethodAccessorImpl.invoke0(Native Method)
	at sun.reflect.NativeMethodAccessorImpl.invoke(NativeMethodAccessorImpl.java:62)
	at sun.reflect.DelegatingMethodAccessorImpl.invoke(DelegatingMethodAccessorImpl.java:43)
	at java.lang.reflect.Method.invoke(Method.java:498)
	at org.testng.internal.MethodInvocationHelper.invokeMethod(MethodInvocationHelper.java:108)
	at org.testng.internal.Invoker.invokeMethod(Invoker.java:661)
	at org.testng.internal.Invoker.invokeTestMethod(Invoker.java:869)
	at org.testng.internal.Invoker.invokeTestMethods(Invoker.java:1193)
	at org.testng.internal.TestMethodWorker.invokeTestMethods(TestMethodWorker.java:126)
	at org.testng.internal.TestMethodWorker.run(TestMethodWorker.java:109)
	at org.testng.TestRunner.privateRun(TestRunner.java:744)
	at org.testng.TestRunner.run(TestRunner.java:602)
	at org.testng.SuiteRunner.runTest(SuiteRunner.java:380)
	at org.testng.SuiteRunner.runSequentially(SuiteRunner.java:375)
	at org.testng.SuiteRunner.privateRun(SuiteRunner.java:340)
	at org.testng.SuiteRunner.run(SuiteRunner.java:289)
	at org.testng.SuiteRunnerWorker.runSuite(SuiteRunnerWorker.java:52)
	at org.testng.SuiteRunnerWorker.run(SuiteRunnerWorker.java:86)
	at org.testng.TestNG.runSuitesSequentially(TestNG.java:1301)
	at org.testng.TestNG.runSuitesLocally(TestNG.java:1226)
	at org.testng.TestNG.runSuites(TestNG.java:1144)
	at org.testng.TestNG.run(TestNG.java:1115)
	at org.testng.remote.AbstractRemoteTestNG.run(AbstractRemoteTestNG.java:114)
	at org.testng.remote.RemoteTestNG.initAndRun(RemoteTestNG.java:251)
	at org.testng.remote.RemoteTestNG.main(RemoteTestNG.java:77)
</pre></div></td>
<td>40</td>
<td>com.tikkle.scripts.VerifyingChatModule@6eebc39e</td></tr>
<tr>
<td title='com.tikkle.scripts.VerifyingOnBoardScreens.VerifyOnboardScreen()'><b>VerifyOnboardScreen</b><br>Test class: com.tikkle.scripts.VerifyingOnBoardScreens<br/>
<a href="#Output-760357227" onClick='toggleBox("Output-760357227", this, "Show output", "Hide output");'>Show output</a>

<a href="#Output-760357227" onClick="toggleAllBoxes();">Show all outputs</a>
<div class='log' id="Output-760357227">
STEP2<br/>
</div>
</td>
<td><div><pre>java.lang.AssertionError: expected [Stay Updated! The news feed style.
Start discussions.
Then and There.] but found [Stay updated, the news 
 feed style. Start discussions,
 then and there!]
	at com.tikkle.scripts.VerifyingOnBoardScreens.VerifyOnboardScreen(VerifyingOnBoardScreens.java:33)
... Removed 31 stack frames</pre></div><a href='#' onClick='toggleBox("stack-trace760357227", this, "Click to show all stack frames", "Click to hide stack frames")'>Click to show all stack frames</a>
<div class='stack-trace' id='stack-trace760357227'><pre>java.lang.AssertionError: expected [Stay Updated! The news feed style.
Start discussions.
Then and There.] but found [Stay updated, the news 
 feed style. Start discussions,
 then and there!]
	at org.testng.Assert.fail(Assert.java:93)
	at org.testng.Assert.failNotEquals(Assert.java:512)
	at org.testng.Assert.assertEqualsImpl(Assert.java:134)
	at org.testng.Assert.assertEquals(Assert.java:115)
	at org.testng.Assert.assertEquals(Assert.java:189)
	at org.testng.Assert.assertEquals(Assert.java:199)
	at com.tikkle.scripts.VerifyingOnBoardScreens.VerifyOnboardScreen(VerifyingOnBoardScreens.java:33)
	at sun.reflect.NativeMethodAccessorImpl.invoke0(Native Method)
	at sun.reflect.NativeMethodAccessorImpl.invoke(NativeMethodAccessorImpl.java:62)
	at sun.reflect.DelegatingMethodAccessorImpl.invoke(DelegatingMethodAccessorImpl.java:43)
	at java.lang.reflect.Method.invoke(Method.java:498)
	at org.testng.internal.MethodInvocationHelper.invokeMethod(MethodInvocationHelper.java:108)
	at org.testng.internal.Invoker.invokeMethod(Invoker.java:661)
	at org.testng.internal.Invoker.invokeTestMethod(Invoker.java:869)
	at org.testng.internal.Invoker.invokeTestMethods(Invoker.java:1193)
	at org.testng.internal.TestMethodWorker.invokeTestMethods(TestMethodWorker.java:126)
	at org.testng.internal.TestMethodWorker.run(TestMethodWorker.java:109)
	at org.testng.TestRunner.privateRun(TestRunner.java:744)
	at org.testng.TestRunner.run(TestRunner.java:602)
	at org.testng.SuiteRunner.runTest(SuiteRunner.java:380)
	at org.testng.SuiteRunner.runSequentially(SuiteRunner.java:375)
	at org.testng.SuiteRunner.privateRun(SuiteRunner.java:340)
	at org.testng.SuiteRunner.run(SuiteRunner.java:289)
	at org.testng.SuiteRunnerWorker.runSuite(SuiteRunnerWorker.java:52)
	at org.testng.SuiteRunnerWorker.run(SuiteRunnerWorker.java:86)
	at org.testng.TestNG.runSuitesSequentially(TestNG.java:1301)
	at org.testng.TestNG.runSuitesLocally(TestNG.java:1226)
	at org.testng.TestNG.runSuites(TestNG.java:1144)
	at org.testng.TestNG.run(TestNG.java:1115)
	at org.testng.remote.AbstractRemoteTestNG.run(AbstractRemoteTestNG.java:114)
	at org.testng.remote.RemoteTestNG.initAndRun(RemoteTestNG.java:251)
	at org.testng.remote.RemoteTestNG.main(RemoteTestNG.java:77)
</pre></div></td>
<td>1</td>
<td>com.tikkle.scripts.VerifyingOnBoardScreens@e25b2fe</td></tr>
<tr>
<td title='com.tikkle.scripts.VerifyingBasicInfo.verifyBasicInfoScreen1()'><b>verifyBasicInfoScreen1</b><br>Test class: com.tikkle.scripts.VerifyingBasicInfo<br>Test method: Check for Basic info Screen<br/>
<a href="#Output-1707582034" onClick='toggleBox("Output-1707582034", this, "Show output", "Hide output");'>Show output</a>

<a href="#Output-1707582034" onClick="toggleAllBoxes();">Show all outputs</a>
<div class='log' id="Output-1707582034">
STEP8<br/>
STEP9<br/>
STEP10<br/>
STEP11<br/>
</div>
</td>
<td><div><pre>java.lang.AssertionError: The following asserts failed:
	expected [Basic In] but found [Basic Info]
	at com.tikkle.Library.GenericLib.VerifyUsingSoftAssert(GenericLib.java:121)
	at com.tikkle.scripts.VerifyingBasicInfo.verifyBasicInfoScreen1(VerifyingBasicInfo.java:30)
... Removed 26 stack frames</pre></div><a href='#' onClick='toggleBox("stack-trace1707582034", this, "Click to show all stack frames", "Click to hide stack frames")'>Click to show all stack frames</a>
<div class='stack-trace' id='stack-trace1707582034'><pre>java.lang.AssertionError: The following asserts failed:
	expected [Basic In] but found [Basic Info]
	at org.testng.asserts.SoftAssert.assertAll(SoftAssert.java:43)
	at com.tikkle.Library.GenericLib.VerifyUsingSoftAssert(GenericLib.java:121)
	at com.tikkle.scripts.VerifyingBasicInfo.verifyBasicInfoScreen1(VerifyingBasicInfo.java:30)
	at sun.reflect.NativeMethodAccessorImpl.invoke0(Native Method)
	at sun.reflect.NativeMethodAccessorImpl.invoke(NativeMethodAccessorImpl.java:62)
	at sun.reflect.DelegatingMethodAccessorImpl.invoke(DelegatingMethodAccessorImpl.java:43)
	at java.lang.reflect.Method.invoke(Method.java:498)
	at org.testng.internal.MethodInvocationHelper.invokeMethod(MethodInvocationHelper.java:108)
	at org.testng.internal.Invoker.invokeMethod(Invoker.java:661)
	at org.testng.internal.Invoker.invokeTestMethod(Invoker.java:869)
	at org.testng.internal.Invoker.invokeTestMethods(Invoker.java:1193)
	at org.testng.internal.TestMethodWorker.invokeTestMethods(TestMethodWorker.java:126)
	at org.testng.internal.TestMethodWorker.run(TestMethodWorker.java:109)
	at org.testng.TestRunner.privateRun(TestRunner.java:744)
	at org.testng.TestRunner.run(TestRunner.java:602)
	at org.testng.SuiteRunner.runTest(SuiteRunner.java:380)
	at org.testng.SuiteRunner.runSequentially(SuiteRunner.java:375)
	at org.testng.SuiteRunner.privateRun(SuiteRunner.java:340)
	at org.testng.SuiteRunner.run(SuiteRunner.java:289)
	at org.testng.SuiteRunnerWorker.runSuite(SuiteRunnerWorker.java:52)
	at org.testng.SuiteRunnerWorker.run(SuiteRunnerWorker.java:86)
	at org.testng.TestNG.runSuitesSequentially(TestNG.java:1301)
	at org.testng.TestNG.runSuitesLocally(TestNG.java:1226)
	at org.testng.TestNG.runSuites(TestNG.java:1144)
	at org.testng.TestNG.run(TestNG.java:1115)
	at org.testng.remote.AbstractRemoteTestNG.run(AbstractRemoteTestNG.java:114)
	at org.testng.remote.RemoteTestNG.initAndRun(RemoteTestNG.java:251)
	at org.testng.remote.RemoteTestNG.main(RemoteTestNG.java:77)
</pre></div></td>
<td>9</td>
<td>com.tikkle.scripts.VerifyingBasicInfo@4dfa3a9d</td></tr>
</table><p>
<table width='100%' border='1' class='invocation-passed'>
<tr><td colspan='4' align='center'><b>PASSED TESTS</b></td></tr>
<tr><td><b>Test method</b></td>
<td width="30%"><b>Exception</b></td>
<td width="10%"><b>Time (seconds)</b></td>
<td><b>Instance</b></td>
</tr>
<tr>
<td title='com.tikkle.scripts.VerifyingChatModule.TestChatModule()'><b>TestChatModule</b><br>Test class: com.tikkle.scripts.VerifyingChatModule<br>Test method: Verifying the Chat Module<br/>
<a href="#Output-1908043086" onClick='toggleBox("Output-1908043086", this, "Show output", "Hide output");'>Show output</a>

<a href="#Output-1908043086" onClick="toggleAllBoxes();">Show all outputs</a>
<div class='log' id="Output-1908043086">
STEP13<br/>
STEP14<br/>
</div>
</td>
<td></td>
<td>8</td>
<td>com.tikkle.scripts.VerifyingChatModule@6eebc39e</td></tr>
<tr>
<td title='com.tikkle.scripts.VerifyLogin.VerifyLoginScreen()'><b>VerifyLoginScreen</b><br>Test class: com.tikkle.scripts.VerifyLogin<br/>
<a href="#Output-627318073" onClick='toggleBox("Output-627318073", this, "Show output", "Hide output");'>Show output</a>

<a href="#Output-627318073" onClick="toggleAllBoxes();">Show all outputs</a>
<div class='log' id="Output-627318073">
STEP4<br/>
STEP5<br/>
STEP6<br/>
</div>
</td>
<td></td>
<td>22</td>
<td>com.tikkle.scripts.VerifyLogin@754ba872</td></tr>
<tr>
<td title='com.tikkle.scripts.VerifyingLogout.VerifySucessfullLogout()'><b>VerifySucessfullLogout</b><br>Test class: com.tikkle.scripts.VerifyingLogout<br/>
<a href="#Output-1187903677" onClick='toggleBox("Output-1187903677", this, "Show output", "Hide output");'>Show output</a>

<a href="#Output-1187903677" onClick="toggleAllBoxes();">Show all outputs</a>
<div class='log' id="Output-1187903677">
STEP21<br/>
STEP22<br/>
STEP23<br/>
</div>
</td>
<td></td>
<td>14</td>
<td>com.tikkle.scripts.VerifyingLogout@146ba0ac</td></tr>
</table><p>
</body>
</html>